[debug] [2022-08-10T16:37:29.388Z] ----------------------------------------------------------------------
[debug] [2022-08-10T16:37:29.391Z] Command:       C:\Program Files\nodejs\node.exe C:\Users\USER\AppData\Roaming\npm\node_modules\firebase-tools\lib\bin\firebase.js init
[debug] [2022-08-10T16:37:29.392Z] CLI Version:   11.5.0
[debug] [2022-08-10T16:37:29.392Z] Platform:      win32
[debug] [2022-08-10T16:37:29.392Z] Node Version:  v16.13.2
[debug] [2022-08-10T16:37:29.394Z] Time:          Wed Aug 10 2022 22:07:29 GMT+0530 (India Standard Time)
[debug] [2022-08-10T16:37:29.394Z] ----------------------------------------------------------------------
[debug] 
[debug] [2022-08-10T16:37:29.404Z] > command requires scopes: ["email","openid","https://www.googleapis.com/auth/cloudplatformprojects.readonly","https://www.googleapis.com/auth/firebase","https://www.googleapis.com/auth/cloud-platform"]
[debug] [2022-08-10T16:37:29.405Z] > authorizing via signed-in user (christanf6@gmail.com)
[info] 
     ######## #### ########  ######## ########     ###     ######  ########
     ##        ##  ##     ## ##       ##     ##  ##   ##  ##       ##
     ######    ##  ########  ######   ########  #########  ######  ######
     ##        ##  ##    ##  ##       ##     ## ##     ##       ## ##
     ##       #### ##     ## ######## ########  ##     ##  ######  ########

You're about to initialize a Firebase project in this directory:

  C:\Projects\React JS\clone\netflix

Before we get started, keep in mind:

  * You are currently outside your home directory

[info] 
=== Project Setup
[info] 
[info] First, let's associate this project directory with a Firebase project.
[info] You can create multiple project aliases by running firebase use --add, 
[info] but for now we'll just set up a default project.
[info] 
[debug] [2022-08-10T16:37:48.081Z] >>> [apiv2][query] GET https://firebase.googleapis.com/v1beta1/projects pageSize=100
[debug] [2022-08-10T16:37:49.912Z] <<< [apiv2][status] GET https://firebase.googleapis.com/v1beta1/projects 200
[debug] [2022-08-10T16:37:49.912Z] <<< [apiv2][body] GET https://firebase.googleapis.com/v1beta1/projects [omitted]
[info] i  Using project netflix-clone-app-c776b (netflix-clone-app) 
[info] 
=== Hosting Setup
[info] 
[info] Your public directory is the folder (relative to your project directory) that
[info] will contain Hosting assets to be uploaded with firebase deploy. If you
[info] have a build process for your assets, use your build's output directory.
[info] 
[debug] [2022-08-10T16:39:07.794Z] >>> [apiv2][query] GET https://www.gstatic.com/firebasejs/releases.json [none]
[debug] [2022-08-10T16:39:08.441Z] <<< [apiv2][status] GET https://www.gstatic.com/firebasejs/releases.json 200
[debug] [2022-08-10T16:39:08.442Z] <<< [apiv2][body] GET https://www.gstatic.com/firebasejs/releases.json {"current":{"version":"9.9.2","browserURL":"https://www.gstatic.com/firebasejs/9.9.2/firebase.js","packageURL":"https://www.gstatic.com/firebasejs/9.9.2/firebase.tgz"},"live":{"version":"9.9","browserURL":"https://www.gstatic.com/firebasejs/live/9.9/firebase.js","packageURL":"https://www.gstatic.com/firebasejs/live/9.9/firebase.tgz"},"components":{"analytics":"https://www.gstatic.com/firebasejs/9.9.2/firebase-analytics.js","app":"https://www.gstatic.com/firebasejs/9.9.2/firebase-app.js","app-check":"https://www.gstatic.com/firebasejs/9.9.2/firebase-app-check.js","auth":"https://www.gstatic.com/firebasejs/9.9.2/firebase-auth.js","auth/cordova":"https://www.gstatic.com/firebasejs/9.9.2/firebase-auth/cordova.js","auth/react-native":"https://www.gstatic.com/firebasejs/9.9.2/firebase-auth/react-native.js","functions":"https://www.gstatic.com/firebasejs/9.9.2/firebase-functions.js","firestore":"https://www.gstatic.com/firebasejs/9.9.2/firebase-firestore.js","firestore/lite":"https://www.gstatic.com/firebasejs/9.9.2/firebase-firestore/lite.js","installations":"https://www.gstatic.com/firebasejs/9.9.2/firebase-installations.js","storage":"https://www.gstatic.com/firebasejs/9.9.2/firebase-storage.js","performance":"https://www.gstatic.com/firebasejs/9.9.2/firebase-performance.js","remote-config":"https://www.gstatic.com/firebasejs/9.9.2/firebase-remote-config.js","messaging":"https://www.gstatic.com/firebasejs/9.9.2/firebase-messaging.js","messaging/sw":"https://www.gstatic.com/firebasejs/9.9.2/firebase-messaging/sw.js","database":"https://www.gstatic.com/firebasejs/9.9.2/firebase-database.js","firestore.memory":"https://www.gstatic.com/firebasejs/9.9.2/firebase-firestore.memory.js"}}
[info] +  Wrote build/index.html 
[info] 
[info] i  Detected a .git folder at C:\Projects\React JS\clone\netflix 
[info] i  Authorizing with GitHub to upload your service account to a GitHub repository's secrets store. 
[info] 
[info] Visit this URL on this device to log in:
[info] https://github.com/login/oauth/authorize?client_id=89cf50f02ac6aaed3484&state=947926138&redirect_uri=http%3A%2F%2Flocalhost%3A9005&scope=read%3Auser%20repo%20public_repo
[info] 
[info] Waiting for authentication...
[debug] [2022-08-10T16:39:47.395Z] >>> [apiv2][query] POST https://github.com/login/oauth/access_token [none]
[debug] [2022-08-10T16:39:47.395Z] >>> [apiv2][body] POST https://github.com/login/oauth/access_token [stream]
[debug] [2022-08-10T16:39:48.372Z] <<< [apiv2][status] POST https://github.com/login/oauth/access_token 200
[debug] [2022-08-10T16:39:48.372Z] <<< [apiv2][body] POST https://github.com/login/oauth/access_token {"access_token":"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","token_type":"bearer","scope":"read:user,repo"}
[debug] [2022-08-10T16:39:48.382Z] >>> [apiv2][query] GET https://api.github.com/user [none]
[debug] [2022-08-10T16:39:48.984Z] <<< [apiv2][status] GET https://api.github.com/user 200
[debug] [2022-08-10T16:39:48.984Z] <<< [apiv2][body] GET https://api.github.com/user {"login":"christancf","id":73905901,"node_id":"MDQ6VXNlcjczOTA1OTAx","avatar_url":"https://avatars.githubusercontent.com/u/73905901?v=4","gravatar_id":"","url":"https://api.github.com/users/christancf","html_url":"https://github.com/christancf","followers_url":"https://api.github.com/users/christancf/followers","following_url":"https://api.github.com/users/christancf/following{/other_user}","gists_url":"https://api.github.com/users/christancf/gists{/gist_id}","starred_url":"https://api.github.com/users/christancf/starred{/owner}{/repo}","subscriptions_url":"https://api.github.com/users/christancf/subscriptions","organizations_url":"https://api.github.com/users/christancf/orgs","repos_url":"https://api.github.com/users/christancf/repos","events_url":"https://api.github.com/users/christancf/events{/privacy}","received_events_url":"https://api.github.com/users/christancf/received_events","type":"User","site_admin":false,"name":"Christan Chandra","company":null,"blog":"","location":"Sri Lanka","email":null,"hireable":true,"bio":null,"twitter_username":"christancf","public_repos":22,"public_gists":1,"followers":5,"following":4,"created_at":"2020-11-03T18:10:04Z","updated_at":"2022-08-10T16:39:18Z","private_gists":0,"total_private_repos":8,"owned_private_repos":8,"disk_usage":47106,"collaborators":1,"two_factor_authentication":false,"plan":{"name":"pro","space":976562499,"collaborators":0,"private_repos":9999}}
[info] 
[info] +  Success! Logged into GitHub as christancf 
[info] 
